<?xml version="1.0" encoding="UTF-8"?>
<coverage generated="1547624976595" clover="3.2.0">
  <project timestamp="1547624976595" name="All files">
    <metrics statements="94" coveredstatements="60" conditionals="69" coveredconditionals="21" methods="26" coveredmethods="9" elements="189" coveredelements="90" complexity="0" loc="94" ncloc="94" packages="4" files="4" classes="4">
      <package name="Breadcrumb">
        <metrics statements="26" coveredstatements="25" conditionals="10" coveredconditionals="5" methods="4" coveredmethods="4"/>
        <file name="getBreadcrumbs.tsx" path="/home/machon/Documents/code/github.com/nexus-explorer/src/shared/components/Breadcrumb/getBreadcrumbs.tsx">
          <metrics statements="26" coveredstatements="25" conditionals="10" coveredconditionals="5" methods="4" coveredmethods="4"/>
          <line num="1" count="1" type="stmt"/>
          <line num="2" count="1" type="stmt"/>
          <line num="6" count="1" type="stmt"/>
          <line num="17" count="1" type="stmt"/>
          <line num="22" count="9" type="stmt"/>
          <line num="24" count="21" type="stmt"/>
          <line num="30" count="9" type="cond" truecount="1" falsecount="1"/>
          <line num="31" count="9" type="stmt"/>
          <line num="32" count="9" type="cond" truecount="1" falsecount="1"/>
          <line num="33" count="9" type="stmt"/>
          <line num="35" count="9" type="stmt"/>
          <line num="40" count="0" type="stmt"/>
          <line num="58" count="1" type="stmt"/>
          <line num="63" count="4" type="stmt"/>
          <line num="65" count="4" type="stmt"/>
          <line num="68" count="4" type="stmt"/>
          <line num="69" count="4" type="cond" truecount="1" falsecount="1"/>
          <line num="70" count="4" type="stmt"/>
          <line num="75" count="4" type="stmt"/>
          <line num="79" count="5" type="stmt"/>
          <line num="80" count="5" type="stmt"/>
          <line num="85" count="5" type="cond" truecount="1" falsecount="1"/>
          <line num="86" count="5" type="stmt"/>
          <line num="88" count="5" type="stmt"/>
          <line num="90" count="4" type="stmt"/>
          <line num="93" count="1" type="stmt"/>
        </file>
      </package>
      <package name="Header">
        <metrics statements="9" coveredstatements="9" conditionals="7" coveredconditionals="5" methods="2" coveredmethods="2"/>
        <file name="index.tsx" path="/home/machon/Documents/code/github.com/nexus-explorer/src/shared/components/Header/index.tsx">
          <metrics statements="9" coveredstatements="9" conditionals="7" coveredconditionals="5" methods="2" coveredmethods="2"/>
          <line num="1" count="1" type="stmt"/>
          <line num="2" count="1" type="stmt"/>
          <line num="3" count="1" type="stmt"/>
          <line num="5" count="1" type="stmt"/>
          <line num="15" count="1" type="stmt"/>
          <line num="23" count="4" type="stmt"/>
          <line num="25" count="8" type="stmt"/>
          <line num="30" count="4" type="stmt"/>
          <line num="57" count="1" type="stmt"/>
        </file>
      </package>
      <package name="Login">
        <metrics statements="11" coveredstatements="10" conditionals="2" coveredconditionals="2" methods="4" coveredmethods="2"/>
        <file name="index.tsx" path="/home/machon/Documents/code/github.com/nexus-explorer/src/shared/components/Login/index.tsx">
          <metrics statements="11" coveredstatements="10" conditionals="2" coveredconditionals="2" methods="4" coveredmethods="2"/>
          <line num="1" count="1" type="stmt"/>
          <line num="2" count="1" type="stmt"/>
          <line num="4" count="1" type="stmt"/>
          <line num="6" count="1" type="stmt"/>
          <line num="20" count="1" type="stmt"/>
          <line num="25" count="2" type="stmt"/>
          <line num="28" count="2" type="stmt"/>
          <line num="29" count="0" type="stmt"/>
          <line num="32" count="4" type="stmt"/>
          <line num="37" count="2" type="stmt"/>
          <line num="69" count="1" type="stmt"/>
        </file>
      </package>
      <package name="Projects">
        <metrics statements="48" coveredstatements="16" conditionals="50" coveredconditionals="9" methods="16" coveredmethods="1"/>
        <file name="ProjectForm.tsx" path="/home/machon/Documents/code/github.com/nexus-explorer/src/shared/components/Projects/ProjectForm.tsx">
          <metrics statements="48" coveredstatements="16" conditionals="50" coveredconditionals="9" methods="16" coveredmethods="1"/>
          <line num="1" count="1" type="stmt"/>
          <line num="2" count="1" type="stmt"/>
          <line num="26" count="0" type="cond" truecount="0" falsecount="2"/>
          <line num="27" count="0" type="stmt"/>
          <line num="31" count="0" type="stmt"/>
          <line num="35" count="0" type="stmt"/>
          <line num="36" count="0" type="cond" truecount="0" falsecount="2"/>
          <line num="37" count="0" type="stmt"/>
          <line num="43" count="0" type="stmt"/>
          <line num="44" count="0" type="stmt"/>
          <line num="45" count="0" type="stmt"/>
          <line num="48" count="0" type="stmt"/>
          <line num="51" count="0" type="stmt"/>
          <line num="52" count="0" type="stmt"/>
          <line num="53" count="0" type="stmt"/>
          <line num="56" count="0" type="stmt"/>
          <line num="60" count="0" type="stmt"/>
          <line num="105" count="1" type="stmt"/>
          <line num="113" count="1" type="cond" truecount="2" falsecount="2"/>
          <line num="114" count="1" type="stmt"/>
          <line num="115" count="1" type="stmt"/>
          <line num="120" count="1" type="stmt"/>
          <line num="121" count="1" type="stmt"/>
          <line num="131" count="1" type="stmt"/>
          <line num="138" count="1" type="stmt"/>
          <line num="139" count="0" type="stmt"/>
          <line num="140" count="0" type="stmt"/>
          <line num="142" count="0" type="stmt"/>
          <line num="148" count="1" type="stmt"/>
          <line num="149" count="0" type="stmt"/>
          <line num="150" count="0" type="stmt"/>
          <line num="152" count="0" type="stmt"/>
          <line num="157" count="1" type="stmt"/>
          <line num="158" count="0" type="stmt"/>
          <line num="159" count="0" type="stmt"/>
          <line num="160" count="0" type="cond" truecount="0" falsecount="2"/>
          <line num="161" count="0" type="stmt"/>
          <line num="165" count="0" type="stmt"/>
          <line num="172" count="1" type="stmt"/>
          <line num="177" count="0" type="cond" truecount="0" falsecount="4"/>
          <line num="178" count="0" type="stmt"/>
          <line num="179" count="0" type="stmt"/>
          <line num="181" count="0" type="stmt"/>
          <line num="185" count="1" type="stmt"/>
          <line num="187" count="0" type="stmt"/>
          <line num="216" count="0" type="stmt"/>
          <line num="222" count="1" type="stmt"/>
          <line num="264" count="1" type="stmt"/>
        </file>
      </package>
    </metrics>
  </project>
</coverage>
