{"/home/machon/Documents/code/github.com/nexus-explorer/src/shared/components/Breadcrumb/getBreadcrumbs.tsx": {"path":"/home/machon/Documents/code/github.com/nexus-explorer/src/shared/components/Breadcrumb/getBreadcrumbs.tsx","statementMap":{"0":{"start":{"line":1,"column":0},"end":{"line":1,"column":30}},"1":{"start":{"line":2,"column":0},"end":{"line":2,"column":40}},"2":{"start":{"line":6,"column":30},"end":{"line":6,"column":45}},"3":{"start":{"line":17,"column":42},"end":{"line":41,"column":1}},"4":{"start":{"line":22,"column":16},"end":{"line":28,"column":3}},"5":{"start":{"line":24,"column":6},"end":{"line":27,"column":8}},"6":{"start":{"line":30,"column":2},"end":{"line":39,"column":3}},"7":{"start":{"line":31,"column":16},"end":{"line":31,"column":27}},"8":{"start":{"line":32,"column":4},"end":{"line":34,"column":5}},"9":{"start":{"line":33,"column":6},"end":{"line":33,"column":43}},"10":{"start":{"line":35,"column":4},"end":{"line":38,"column":6}},"11":{"start":{"line":40,"column":2},"end":{"line":40,"column":15}},"12":{"start":{"line":58,"column":23},"end":{"line":91,"column":1}},"13":{"start":{"line":63,"column":23},"end":{"line":63,"column":31}},"14":{"start":{"line":65,"column":32},"end":{"line":65,"column":34}},"15":{"start":{"line":68,"column":20},"end":{"line":68,"column":73}},"16":{"start":{"line":69,"column":2},"end":{"line":71,"column":3}},"17":{"start":{"line":70,"column":4},"end":{"line":70,"column":42}},"18":{"start":{"line":75,"column":2},"end":{"line":89,"column":7}},"19":{"start":{"line":79,"column":26},"end":{"line":79,"column":50}},"20":{"start":{"line":80,"column":33},"end":{"line":84,"column":7}},"21":{"start":{"line":85,"column":6},"end":{"line":87,"column":7}},"22":{"start":{"line":86,"column":8},"end":{"line":86,"column":55}},"23":{"start":{"line":88,"column":6},"end":{"line":88,"column":25}},"24":{"start":{"line":90,"column":2},"end":{"line":90,"column":17}},"25":{"start":{"line":93,"column":0},"end":{"line":93,"column":30}}},"fnMap":{"0":{"name":"(anonymous_0)","decl":{"start":{"line":17,"column":42},"end":{"line":18,"column":2}},"loc":{"start":{"line":21,"column":26},"end":{"line":41,"column":1}}},"1":{"name":"(anonymous_1)","decl":{"start":{"line":23,"column":4},"end":{"line":23,"column":5}},"loc":{"start":{"line":24,"column":6},"end":{"line":27,"column":8}}},"2":{"name":"(anonymous_2)","decl":{"start":{"line":58,"column":23},"end":{"line":58,"column":24}},"loc":{"start":{"line":62,"column":39},"end":{"line":91,"column":1}}},"3":{"name":"(anonymous_3)","decl":{"start":{"line":78,"column":12},"end":{"line":78,"column":13}},"loc":{"start":{"line":78,"column":44},"end":{"line":89,"column":5}}}},"branchMap":{"0":{"loc":{"start":{"line":25,"column":12},"end":{"line":25,"column":24}},"type":"binary-expr","locations":[{"start":{"line":25,"column":12},"end":{"line":25,"column":24}},{"start":{"line":25,"column":28},"end":{"line":25,"column":49}}]},"1":{"loc":{"start":{"line":30,"column":2},"end":{"line":39,"column":3}},"type":"if","locations":[{"start":{"line":30,"column":2},"end":{"line":39,"column":3}},{"start":{"line":30,"column":2},"end":{"line":39,"column":3}}]},"2":{"loc":{"start":{"line":32,"column":4},"end":{"line":34,"column":5}},"type":"if","locations":[{"start":{"line":32,"column":4},"end":{"line":34,"column":5}},{"start":{"line":32,"column":4},"end":{"line":34,"column":5}}]},"3":{"loc":{"start":{"line":69,"column":2},"end":{"line":71,"column":3}},"type":"if","locations":[{"start":{"line":69,"column":2},"end":{"line":71,"column":3}},{"start":{"line":69,"column":2},"end":{"line":71,"column":3}}]},"4":{"loc":{"start":{"line":85,"column":6},"end":{"line":87,"column":7}},"type":"if","locations":[{"start":{"line":85,"column":6},"end":{"line":87,"column":7}},{"start":{"line":85,"column":6},"end":{"line":87,"column":7}}]}},"s":{"0":1,"1":1,"2":1,"3":1,"4":9,"5":21,"6":9,"7":9,"8":9,"9":9,"10":9,"11":0,"12":1,"13":4,"14":4,"15":4,"16":4,"17":4,"18":4,"19":5,"20":5,"21":5,"22":5,"23":5,"24":4,"25":1},"f":{"0":9,"1":21,"2":4,"3":5},"b":{"0":[21,0],"1":[9,0],"2":[9,0],"3":[4,0],"4":[5,0]}}
,"/home/machon/Documents/code/github.com/nexus-explorer/src/shared/components/Header/index.tsx": {"path":"/home/machon/Documents/code/github.com/nexus-explorer/src/shared/components/Header/index.tsx","statementMap":{"0":{"start":{"line":1,"column":0},"end":{"line":1,"column":30}},"1":{"start":{"line":2,"column":0},"end":{"line":2,"column":43}},"2":{"start":{"line":3,"column":0},"end":{"line":3,"column":23}},"3":{"start":{"line":5,"column":13},"end":{"line":5,"column":38}},"4":{"start":{"line":15,"column":53},"end":{"line":55,"column":1}},"5":{"start":{"line":23,"column":4},"end":{"line":27,"column":11}},"6":{"start":{"line":25,"column":8},"end":{"line":25,"column":45}},"7":{"start":{"line":30,"column":2},"end":{"line":54,"column":4}},"8":{"start":{"line":57,"column":0},"end":{"line":57,"column":22}}},"fnMap":{"0":{"name":"(anonymous_0)","decl":{"start":{"line":15,"column":53},"end":{"line":15,"column":54}},"loc":{"start":{"line":21,"column":5},"end":{"line":55,"column":1}}},"1":{"name":"(anonymous_1)","decl":{"start":{"line":24,"column":17},"end":{"line":24,"column":18}},"loc":{"start":{"line":25,"column":8},"end":{"line":25,"column":45}}}},"branchMap":{"0":{"loc":{"start":{"line":16,"column":9},"end":{"line":16,"column":11}},"type":"default-arg","locations":[{"start":{"line":16,"column":9},"end":{"line":16,"column":11}}]},"1":{"loc":{"start":{"line":17,"column":17},"end":{"line":17,"column":21}},"type":"default-arg","locations":[{"start":{"line":17,"column":17},"end":{"line":17,"column":21}}]},"2":{"loc":{"start":{"line":18,"column":10},"end":{"line":18,"column":12}},"type":"default-arg","locations":[{"start":{"line":18,"column":10},"end":{"line":18,"column":12}}]},"3":{"loc":{"start":{"line":42,"column":10},"end":{"line":46,"column":21}},"type":"cond-expr","locations":[{"start":{"line":42,"column":10},"end":{"line":46,"column":21}},{"start":{"line":47,"column":12},"end":{"line":51,"column":16}}]},"4":{"loc":{"start":{"line":48,"column":10},"end":{"line":50,"column":14}},"type":"cond-expr","locations":[{"start":{"line":48,"column":10},"end":{"line":50,"column":14}},{"start":{"line":51,"column":12},"end":{"line":51,"column":16}}]}},"s":{"0":1,"1":1,"2":1,"3":1,"4":1,"5":4,"6":8,"7":4,"8":1},"f":{"0":4,"1":8},"b":{"0":[0],"1":[3],"2":[0],"3":[2,2],"4":[1,1]}}
,"/home/machon/Documents/code/github.com/nexus-explorer/src/shared/components/Login/index.tsx": {"path":"/home/machon/Documents/code/github.com/nexus-explorer/src/shared/components/Login/index.tsx","statementMap":{"0":{"start":{"line":1,"column":0},"end":{"line":1,"column":30}},"1":{"start":{"line":2,"column":0},"end":{"line":2,"column":49}},"2":{"start":{"line":4,"column":0},"end":{"line":4,"column":22}},"3":{"start":{"line":6,"column":13},"end":{"line":6,"column":38}},"4":{"start":{"line":20,"column":51},"end":{"line":67,"column":1}},"5":{"start":{"line":25,"column":28},"end":{"line":25,"column":53}},"6":{"start":{"line":28,"column":4},"end":{"line":34,"column":11}},"7":{"start":{"line":29,"column":28},"end":{"line":29,"column":75}},"8":{"start":{"line":29,"column":56},"end":{"line":29,"column":70}},"9":{"start":{"line":32,"column":8},"end":{"line":32,"column":60}},"10":{"start":{"line":37,"column":2},"end":{"line":66,"column":4}},"11":{"start":{"line":69,"column":0},"end":{"line":69,"column":21}}},"fnMap":{"0":{"name":"(anonymous_0)","decl":{"start":{"line":20,"column":51},"end":{"line":20,"column":52}},"loc":{"start":{"line":24,"column":5},"end":{"line":67,"column":1}}},"1":{"name":"(anonymous_1)","decl":{"start":{"line":29,"column":15},"end":{"line":29,"column":16}},"loc":{"start":{"line":29,"column":28},"end":{"line":29,"column":75}}},"2":{"name":"(anonymous_2)","decl":{"start":{"line":29,"column":51},"end":{"line":29,"column":52}},"loc":{"start":{"line":29,"column":56},"end":{"line":29,"column":70}}},"3":{"name":"(anonymous_3)","decl":{"start":{"line":31,"column":18},"end":{"line":31,"column":22}},"loc":{"start":{"line":32,"column":8},"end":{"line":32,"column":60}}}},"branchMap":{"0":{"loc":{"start":{"line":50,"column":14},"end":{"line":50,"column":23}},"type":"cond-expr","locations":[{"start":{"line":50,"column":14},"end":{"line":50,"column":23}},{"start":{"line":52,"column":14},"end":{"line":57,"column":31}}]}},"s":{"0":1,"1":1,"2":1,"3":1,"4":1,"5":2,"6":2,"7":0,"8":0,"9":4,"10":2,"11":1},"f":{"0":2,"1":0,"2":0,"3":4},"b":{"0":[1,1]}}
,"/home/machon/Documents/code/github.com/nexus-explorer/src/shared/components/Projects/ProjectForm.tsx": {"path":"/home/machon/Documents/code/github.com/nexus-explorer/src/shared/components/Projects/ProjectForm.tsx","statementMap":{"0":{"start":{"line":1,"column":0},"end":{"line":1,"column":30}},"1":{"start":{"line":2,"column":0},"end":{"line":2,"column":54}},"2":{"start":{"line":35,"column":4},"end":{"line":35,"column":17}},"3":{"start":{"line":43,"column":2},"end":{"line":49,"column":4}},"4":{"start":{"line":44,"column":19},"end":{"line":44,"column":40}},"5":{"start":{"line":45,"column":4},"end":{"line":47,"column":7}},"6":{"start":{"line":48,"column":4},"end":{"line":48,"column":51}},"7":{"start":{"line":51,"column":2},"end":{"line":57,"column":4}},"8":{"start":{"line":52,"column":22},"end":{"line":52,"column":43}},"9":{"start":{"line":53,"column":4},"end":{"line":55,"column":7}},"10":{"start":{"line":56,"column":4},"end":{"line":56,"column":54}},"11":{"start":{"line":36,"column":18},"end":{"line":36,"column":35}},"12":{"start":{"line":37,"column":4},"end":{"line":40,"column":6}},"13":{"start":{"line":26,"column":4},"end":{"line":30,"column":5}},"14":{"start":{"line":27,"column":6},"end":{"line":29,"column":8}},"15":{"start":{"line":31,"column":4},"end":{"line":31,"column":16}},"16":{"start":{"line":60,"column":4},"end":{"line":85,"column":6}},"17":{"start":{"line":105,"column":63},"end":{"line":262,"column":1}},"18":{"start":{"line":113,"column":4},"end":{"line":113,"column":73}},"19":{"start":{"line":114,"column":21},"end":{"line":114,"column":62}},"20":{"start":{"line":115,"column":52},"end":{"line":118,"column":4}},"21":{"start":{"line":120,"column":47},"end":{"line":120,"column":51}},"22":{"start":{"line":121,"column":25},"end":{"line":130,"column":3}},"23":{"start":{"line":131,"column":37},"end":{"line":136,"column":3}},"24":{"start":{"line":138,"column":14},"end":{"line":146,"column":3}},"25":{"start":{"line":139,"column":38},"end":{"line":139,"column":55}},"26":{"start":{"line":140,"column":26},"end":{"line":140,"column":39}},"27":{"start":{"line":142,"column":4},"end":{"line":145,"column":7}},"28":{"start":{"line":148,"column":17},"end":{"line":154,"column":3}},"29":{"start":{"line":149,"column":27},"end":{"line":149,"column":44}},"30":{"start":{"line":150,"column":4},"end":{"line":153,"column":7}},"31":{"start":{"line":152,"column":50},"end":{"line":152,"column":59}},"32":{"start":{"line":157,"column":23},"end":{"line":170,"column":3}},"33":{"start":{"line":158,"column":4},"end":{"line":158,"column":23}},"34":{"start":{"line":159,"column":4},"end":{"line":169,"column":7}},"35":{"start":{"line":160,"column":6},"end":{"line":168,"column":7}},"36":{"start":{"line":161,"column":8},"end":{"line":167,"column":11}},"37":{"start":{"line":165,"column":55},"end":{"line":165,"column":58}},"38":{"start":{"line":172,"column":22},"end":{"line":182,"column":3}},"39":{"start":{"line":177,"column":4},"end":{"line":180,"column":5}},"40":{"start":{"line":178,"column":6},"end":{"line":178,"column":17}},"41":{"start":{"line":179,"column":6},"end":{"line":179,"column":13}},"42":{"start":{"line":181,"column":4},"end":{"line":181,"column":62}},"43":{"start":{"line":185,"column":30},"end":{"line":221,"column":3}},"44":{"start":{"line":187,"column":6},"end":{"line":219,"column":18}},"45":{"start":{"line":216,"column":27},"end":{"line":216,"column":38}},"46":{"start":{"line":222,"column":2},"end":{"line":261,"column":4}},"47":{"start":{"line":264,"column":0},"end":{"line":264,"column":42}}},"fnMap":{"0":{"name":"(anonymous_0)","decl":{"start":{"line":34,"column":2},"end":{"line":34,"column":13}},"loc":{"start":{"line":34,"column":49},"end":{"line":41,"column":3}}},"1":{"name":"(anonymous_1)","decl":{"start":{"line":43,"column":23},"end":{"line":43,"column":24}},"loc":{"start":{"line":43,"column":64},"end":{"line":49,"column":3}}},"2":{"name":"(anonymous_2)","decl":{"start":{"line":51,"column":26},"end":{"line":51,"column":27}},"loc":{"start":{"line":51,"column":67},"end":{"line":57,"column":3}}},"3":{"name":"(anonymous_3)","decl":{"start":{"line":25,"column":2},"end":{"line":25,"column":7}},"loc":{"start":{"line":25,"column":73},"end":{"line":32,"column":3}}},"4":{"name":"(anonymous_4)","decl":{"start":{"line":59,"column":2},"end":{"line":59,"column":7}},"loc":{"start":{"line":59,"column":8},"end":{"line":86,"column":3}}},"5":{"name":"(anonymous_5)","decl":{"start":{"line":105,"column":63},"end":{"line":105,"column":64}},"loc":{"start":{"line":110,"column":5},"end":{"line":262,"column":1}}},"6":{"name":"(anonymous_6)","decl":{"start":{"line":109,"column":13},"end":{"line":109,"column":15}},"loc":{"start":{"line":109,"column":18},"end":{"line":109,"column":21}}},"7":{"name":"(anonymous_7)","decl":{"start":{"line":138,"column":14},"end":{"line":138,"column":15}},"loc":{"start":{"line":138,"column":25},"end":{"line":146,"column":3}}},"8":{"name":"(anonymous_8)","decl":{"start":{"line":148,"column":17},"end":{"line":148,"column":18}},"loc":{"start":{"line":148,"column":28},"end":{"line":154,"column":3}}},"9":{"name":"(anonymous_9)","decl":{"start":{"line":152,"column":36},"end":{"line":152,"column":37}},"loc":{"start":{"line":152,"column":50},"end":{"line":152,"column":59}}},"10":{"name":"(anonymous_10)","decl":{"start":{"line":157,"column":23},"end":{"line":157,"column":24}},"loc":{"start":{"line":157,"column":51},"end":{"line":170,"column":3}}},"11":{"name":"(anonymous_11)","decl":{"start":{"line":159,"column":24},"end":{"line":159,"column":25}},"loc":{"start":{"line":159,"column":40},"end":{"line":169,"column":5}}},"12":{"name":"(anonymous_12)","decl":{"start":{"line":165,"column":43},"end":{"line":165,"column":44}},"loc":{"start":{"line":165,"column":55},"end":{"line":165,"column":58}}},"13":{"name":"(anonymous_13)","decl":{"start":{"line":172,"column":22},"end":{"line":173,"column":4}},"loc":{"start":{"line":176,"column":6},"end":{"line":182,"column":3}}},"14":{"name":"(anonymous_14)","decl":{"start":{"line":186,"column":4},"end":{"line":186,"column":5}},"loc":{"start":{"line":187,"column":6},"end":{"line":219,"column":18}}},"15":{"name":"(anonymous_15)","decl":{"start":{"line":216,"column":21},"end":{"line":216,"column":23}},"loc":{"start":{"line":216,"column":27},"end":{"line":216,"column":38}}}},"branchMap":{"0":{"loc":{"start":{"line":36,"column":18},"end":{"line":36,"column":29}},"type":"binary-expr","locations":[{"start":{"line":36,"column":18},"end":{"line":36,"column":29}},{"start":{"line":36,"column":33},"end":{"line":36,"column":35}}]},"1":{"loc":{"start":{"line":38,"column":14},"end":{"line":38,"column":26}},"type":"binary-expr","locations":[{"start":{"line":38,"column":14},"end":{"line":38,"column":26}},{"start":{"line":38,"column":30},"end":{"line":38,"column":32}}]},"2":{"loc":{"start":{"line":39,"column":17},"end":{"line":39,"column":32}},"type":"binary-expr","locations":[{"start":{"line":39,"column":17},"end":{"line":39,"column":32}},{"start":{"line":39,"column":36},"end":{"line":39,"column":38}}]},"3":{"loc":{"start":{"line":26,"column":4},"end":{"line":30,"column":5}},"type":"if","locations":[{"start":{"line":26,"column":4},"end":{"line":30,"column":5}},{"start":{"line":26,"column":4},"end":{"line":30,"column":5}}]},"4":{"loc":{"start":{"line":28,"column":12},"end":{"line":28,"column":27}},"type":"binary-expr","locations":[{"start":{"line":28,"column":12},"end":{"line":28,"column":27}},{"start":{"line":28,"column":31},"end":{"line":28,"column":33}}]},"5":{"loc":{"start":{"line":108,"column":9},"end":{"line":108,"column":14}},"type":"default-arg","locations":[{"start":{"line":108,"column":9},"end":{"line":108,"column":14}}]},"6":{"loc":{"start":{"line":109,"column":13},"end":{"line":109,"column":21}},"type":"default-arg","locations":[{"start":{"line":109,"column":13},"end":{"line":109,"column":21}}]},"7":{"loc":{"start":{"line":113,"column":40},"end":{"line":113,"column":69}},"type":"cond-expr","locations":[{"start":{"line":113,"column":40},"end":{"line":113,"column":69}},{"start":{"line":113,"column":72},"end":{"line":113,"column":73}}]},"8":{"loc":{"start":{"line":113,"column":4},"end":{"line":113,"column":11}},"type":"binary-expr","locations":[{"start":{"line":113,"column":4},"end":{"line":113,"column":11}},{"start":{"line":113,"column":15},"end":{"line":113,"column":37}}]},"9":{"loc":{"start":{"line":160,"column":6},"end":{"line":168,"column":7}},"type":"if","locations":[{"start":{"line":160,"column":6},"end":{"line":168,"column":7}},{"start":{"line":160,"column":6},"end":{"line":168,"column":7}}]},"10":{"loc":{"start":{"line":164,"column":13},"end":{"line":164,"column":34}},"type":"binary-expr","locations":[{"start":{"line":164,"column":13},"end":{"line":164,"column":34}},{"start":{"line":165,"column":14},"end":{"line":165,"column":59}},{"start":{"line":166,"column":12},"end":{"line":166,"column":14}}]},"11":{"loc":{"start":{"line":177,"column":4},"end":{"line":180,"column":5}},"type":"if","locations":[{"start":{"line":177,"column":4},"end":{"line":180,"column":5}},{"start":{"line":177,"column":4},"end":{"line":180,"column":5}}]},"12":{"loc":{"start":{"line":177,"column":8},"end":{"line":177,"column":20}},"type":"binary-expr","locations":[{"start":{"line":177,"column":8},"end":{"line":177,"column":20}},{"start":{"line":177,"column":24},"end":{"line":177,"column":39}}]},"13":{"loc":{"start":{"line":188,"column":29},"end":{"line":188,"column":46}},"type":"cond-expr","locations":[{"start":{"line":188,"column":29},"end":{"line":188,"column":46}},{"start":{"line":188,"column":49},"end":{"line":188,"column":51}}]},"14":{"loc":{"start":{"line":189,"column":27},"end":{"line":189,"column":41}},"type":"cond-expr","locations":[{"start":{"line":189,"column":27},"end":{"line":189,"column":41}},{"start":{"line":189,"column":44},"end":{"line":189,"column":70}}]},"15":{"loc":{"start":{"line":195,"column":15},"end":{"line":195,"column":22}},"type":"binary-expr","locations":[{"start":{"line":195,"column":15},"end":{"line":195,"column":22}},{"start":{"line":196,"column":16},"end":{"line":196,"column":38}},{"start":{"line":197,"column":16},"end":{"line":197,"column":47}},{"start":{"line":198,"column":16},"end":{"line":198,"column":54}},{"start":{"line":199,"column":14},"end":{"line":199,"column":16}}]},"16":{"loc":{"start":{"line":201,"column":15},"end":{"line":201,"column":22}},"type":"binary-expr","locations":[{"start":{"line":201,"column":15},"end":{"line":201,"column":22}},{"start":{"line":202,"column":16},"end":{"line":202,"column":38}},{"start":{"line":203,"column":16},"end":{"line":203,"column":47}},{"start":{"line":204,"column":16},"end":{"line":204,"column":57}},{"start":{"line":205,"column":14},"end":{"line":205,"column":16}}]},"17":{"loc":{"start":{"line":213,"column":10},"end":{"line":217,"column":12}},"type":"cond-expr","locations":[{"start":{"line":213,"column":10},"end":{"line":217,"column":12}},{"start":{"line":218,"column":12},"end":{"line":218,"column":16}}]},"18":{"loc":{"start":{"line":225,"column":22},"end":{"line":225,"column":43}},"type":"binary-expr","locations":[{"start":{"line":225,"column":22},"end":{"line":225,"column":43}},{"start":{"line":225,"column":48},"end":{"line":225,"column":55}},{"start":{"line":225,"column":59},"end":{"line":225,"column":71}}]},"19":{"loc":{"start":{"line":228,"column":36},"end":{"line":228,"column":48}},"type":"cond-expr","locations":[{"start":{"line":228,"column":36},"end":{"line":228,"column":48}},{"start":{"line":228,"column":51},"end":{"line":228,"column":53}}]},"20":{"loc":{"start":{"line":234,"column":36},"end":{"line":234,"column":49}},"type":"cond-expr","locations":[{"start":{"line":234,"column":36},"end":{"line":234,"column":49}},{"start":{"line":234,"column":52},"end":{"line":234,"column":54}}]},"21":{"loc":{"start":{"line":240,"column":36},"end":{"line":240,"column":48}},"type":"cond-expr","locations":[{"start":{"line":240,"column":36},"end":{"line":240,"column":48}},{"start":{"line":240,"column":51},"end":{"line":240,"column":53}}]}},"s":{"0":1,"1":1,"2":0,"3":0,"4":0,"5":0,"6":0,"7":0,"8":0,"9":0,"10":0,"11":0,"12":0,"13":0,"14":0,"15":0,"16":0,"17":1,"18":1,"19":1,"20":1,"21":1,"22":1,"23":1,"24":1,"25":0,"26":0,"27":0,"28":1,"29":0,"30":0,"31":0,"32":1,"33":0,"34":0,"35":0,"36":0,"37":0,"38":1,"39":0,"40":0,"41":0,"42":0,"43":1,"44":0,"45":0,"46":1,"47":1},"f":{"0":0,"1":0,"2":0,"3":0,"4":0,"5":1,"6":0,"7":0,"8":0,"9":0,"10":0,"11":0,"12":0,"13":0,"14":0,"15":0},"b":{"0":[0,0],"1":[0,0],"2":[0,0],"3":[0,0],"4":[0,0],"5":[1],"6":[1],"7":[0,1],"8":[1,0],"9":[0,0],"10":[0,0,0],"11":[0,0],"12":[0,0],"13":[0,0],"14":[0,0],"15":[0,0,0,0,0],"16":[0,0,0,0,0],"17":[0,0],"18":[1,1,0],"19":[0,1],"20":[0,1],"21":[0,1]}}
}
