TN:
SF:/home/machon/Documents/code/github.com/nexus-explorer/src/shared/components/Breadcrumb/getBreadcrumbs.tsx
FN:17,(anonymous_0)
FN:23,(anonymous_1)
FN:58,(anonymous_2)
FN:78,(anonymous_3)
FNF:4
FNH:4
FNDA:9,(anonymous_0)
FNDA:21,(anonymous_1)
FNDA:4,(anonymous_2)
FNDA:5,(anonymous_3)
DA:1,1
DA:2,1
DA:6,1
DA:17,1
DA:22,9
DA:24,21
DA:30,9
DA:31,9
DA:32,9
DA:33,9
DA:35,9
DA:40,0
DA:58,1
DA:63,4
DA:65,4
DA:68,4
DA:69,4
DA:70,4
DA:75,4
DA:79,5
DA:80,5
DA:85,5
DA:86,5
DA:88,5
DA:90,4
DA:93,1
LF:26
LH:25
BRDA:25,0,0,21
BRDA:25,0,1,0
BRDA:30,1,0,9
BRDA:30,1,1,0
BRDA:32,2,0,9
BRDA:32,2,1,0
BRDA:69,3,0,4
BRDA:69,3,1,0
BRDA:85,4,0,5
BRDA:85,4,1,0
BRF:10
BRH:5
end_of_record
TN:
SF:/home/machon/Documents/code/github.com/nexus-explorer/src/shared/components/Header/index.tsx
FN:15,(anonymous_0)
FN:24,(anonymous_1)
FNF:2
FNH:2
FNDA:4,(anonymous_0)
FNDA:8,(anonymous_1)
DA:1,1
DA:2,1
DA:3,1
DA:5,1
DA:15,1
DA:23,4
DA:25,8
DA:30,4
DA:57,1
LF:9
LH:9
BRDA:16,0,0,0
BRDA:17,1,0,3
BRDA:18,2,0,0
BRDA:42,3,0,2
BRDA:42,3,1,2
BRDA:48,4,0,1
BRDA:48,4,1,1
BRF:7
BRH:5
end_of_record
TN:
SF:/home/machon/Documents/code/github.com/nexus-explorer/src/shared/components/Login/index.tsx
FN:20,(anonymous_0)
FN:29,(anonymous_1)
FN:29,(anonymous_2)
FN:31,(anonymous_3)
FNF:4
FNH:2
FNDA:2,(anonymous_0)
FNDA:0,(anonymous_1)
FNDA:0,(anonymous_2)
FNDA:4,(anonymous_3)
DA:1,1
DA:2,1
DA:4,1
DA:6,1
DA:20,1
DA:25,2
DA:28,2
DA:29,0
DA:32,4
DA:37,2
DA:69,1
LF:11
LH:10
BRDA:50,0,0,1
BRDA:50,0,1,1
BRF:2
BRH:2
end_of_record
TN:
SF:/home/machon/Documents/code/github.com/nexus-explorer/src/shared/components/Projects/ProjectForm.tsx
FN:34,(anonymous_0)
FN:43,(anonymous_1)
FN:51,(anonymous_2)
FN:25,(anonymous_3)
FN:59,(anonymous_4)
FN:105,(anonymous_5)
FN:109,(anonymous_6)
FN:138,(anonymous_7)
FN:148,(anonymous_8)
FN:152,(anonymous_9)
FN:157,(anonymous_10)
FN:159,(anonymous_11)
FN:165,(anonymous_12)
FN:172,(anonymous_13)
FN:186,(anonymous_14)
FN:216,(anonymous_15)
FNF:16
FNH:1
FNDA:0,(anonymous_0)
FNDA:0,(anonymous_1)
FNDA:0,(anonymous_2)
FNDA:0,(anonymous_3)
FNDA:0,(anonymous_4)
FNDA:1,(anonymous_5)
FNDA:0,(anonymous_6)
FNDA:0,(anonymous_7)
FNDA:0,(anonymous_8)
FNDA:0,(anonymous_9)
FNDA:0,(anonymous_10)
FNDA:0,(anonymous_11)
FNDA:0,(anonymous_12)
FNDA:0,(anonymous_13)
FNDA:0,(anonymous_14)
FNDA:0,(anonymous_15)
DA:1,1
DA:2,1
DA:26,0
DA:27,0
DA:31,0
DA:35,0
DA:36,0
DA:37,0
DA:43,0
DA:44,0
DA:45,0
DA:48,0
DA:51,0
DA:52,0
DA:53,0
DA:56,0
DA:60,0
DA:105,1
DA:113,1
DA:114,1
DA:115,1
DA:120,1
DA:121,1
DA:131,1
DA:138,1
DA:139,0
DA:140,0
DA:142,0
DA:148,1
DA:149,0
DA:150,0
DA:152,0
DA:157,1
DA:158,0
DA:159,0
DA:160,0
DA:161,0
DA:165,0
DA:172,1
DA:177,0
DA:178,0
DA:179,0
DA:181,0
DA:185,1
DA:187,0
DA:216,0
DA:222,1
DA:264,1
LF:48
LH:16
BRDA:36,0,0,0
BRDA:36,0,1,0
BRDA:38,1,0,0
BRDA:38,1,1,0
BRDA:39,2,0,0
BRDA:39,2,1,0
BRDA:26,3,0,0
BRDA:26,3,1,0
BRDA:28,4,0,0
BRDA:28,4,1,0
BRDA:108,5,0,1
BRDA:109,6,0,1
BRDA:113,7,0,0
BRDA:113,7,1,1
BRDA:113,8,0,1
BRDA:113,8,1,0
BRDA:160,9,0,0
BRDA:160,9,1,0
BRDA:164,10,0,0
BRDA:164,10,1,0
BRDA:164,10,2,0
BRDA:177,11,0,0
BRDA:177,11,1,0
BRDA:177,12,0,0
BRDA:177,12,1,0
BRDA:188,13,0,0
BRDA:188,13,1,0
BRDA:189,14,0,0
BRDA:189,14,1,0
BRDA:195,15,0,0
BRDA:195,15,1,0
BRDA:195,15,2,0
BRDA:195,15,3,0
BRDA:195,15,4,0
BRDA:201,16,0,0
BRDA:201,16,1,0
BRDA:201,16,2,0
BRDA:201,16,3,0
BRDA:201,16,4,0
BRDA:213,17,0,0
BRDA:213,17,1,0
BRDA:225,18,0,1
BRDA:225,18,1,1
BRDA:225,18,2,0
BRDA:228,19,0,0
BRDA:228,19,1,1
BRDA:234,20,0,0
BRDA:234,20,1,1
BRDA:240,21,0,0
BRDA:240,21,1,1
BRF:50
BRH:9
end_of_record
